<?xml version="1.0" encoding="UTF-8"?>
<con:testCase xmlns:con="http://eviware.com/soapui/config" id="ee303764-e2dc-4f4d-9573-b13660cb0c97" discardOkResults="false" failOnError="false" failTestCaseOnErrors="true" keepSession="false" name="Test Case 1" searchProperties="true" timeout="0">
  <con:settings id="dba07fb0-4906-46d0-8adb-d5e75c29cb3a">
    <con:setting id="433c2173-ce8a-41ad-9e71-8b007e5201bbfileName">Test-Case-1</con:setting>
    <con:setting id="4d4ba098-cc03-4565-8621-e39add3e439cfileName">Test-Case-1</con:setting>
    <con:setting id="ee303764-e2dc-4f4d-9573-b13660cb0c97fileName">Test-Case-1</con:setting>
  </con:settings>
  <con:testStep type="datasource" name="Data Source" id="c5afbdb1-9fe8-4111-9da9-4a7d080ffef3">
    <con:settings/>
    <con:config xmlns:xsi="http://www.w3.org/2001/XMLSchema-instance" xsi:type="con:DataSourceStep">
      <con:dataSource type="Excel">
        <con:configuration>
          <file>C:/Users/anna.topping/OneDrive - SmartBear Software, Inc/Desktop/data-source.xlsx</file>
          <worksheet>sheet2</worksheet>
          <cell>A2</cell>
          <ignoreEmpty>false</ignoreEmpty>
          <evaluateFormulas>false</evaluateFormulas>
        </con:configuration>
      </con:dataSource>
      <con:shared>true</con:shared>
      <con:restartShared>true</con:restartShared>
      <con:property>Tom Hanks Movies</con:property>
      <con:completeLastOperation>true</con:completeLastOperation>
      <con:restartOnRun>true</con:restartOnRun>
      <con:stopDatasourceExhausted>false</con:stopDatasourceExhausted>
    </con:config>
  </con:testStep>
  <con:testStep type="restrequest" name="REST Request" id="7a4fcf82-0567-482b-9d55-bc41d7403b5b">
    <con:settings/>
    <con:config xmlns:xsi="http://www.w3.org/2001/XMLSchema-instance" service="OMDb API 2" methodName="getTitle" resourcePath="/?t" xsi:type="con:RestRequestStep">
      <con:restRequest name="REST Request" id="30f655a4-79c7-4bab-a143-0749b791eec0" mediaType="application/json">
        <con:settings>
          <con:setting id="com.eviware.soapui.impl.wsdl.WsdlRequest@request-headers">&lt;xml-fragment/></con:setting>
        </con:settings>
        <con:encoding>UTF-8</con:encoding>
        <con:endpoint>http://omdbapi.com</con:endpoint>
        <con:request/>
        <con:originalUri>http://omdbapi.com/</con:originalUri>
        <con:assertion type="Valid HTTP Status Codes" id="e4f23bc9-76bd-4b35-b88e-330c6c3e11a3" name="Valid HTTP Status Codes">
          <con:settings/>
          <con:configuration>
            <codes>200</codes>
          </con:configuration>
        </con:assertion>
        <con:assertion type="Response SLA Assertion" id="cff9bc2f-840e-446f-973e-5e113a24c05a" name="Response SLA" disabled="true">
          <con:configuration>
            <SLA>200</SLA>
          </con:configuration>
        </con:assertion>
        <con:assertion type="DataAndMetadataAssertion" id="61bf97da-9f9e-4fcb-bf3e-19b5712241a3" name="Smart Assertion" disabled="true">
          <con:configuration xsi:type="con:DataAndMetadataAssertion">
            <con:mode>Received Data</con:mode>
            <con:elements>
              <con:path>$['Title']</con:path>
              <con:element>Title</con:element>
              <con:operatorId>1</con:operatorId>
              <con:enabled>false</con:enabled>
              <con:expectedValue>Splash</con:expectedValue>
              <con:caseSensitive>true</con:caseSensitive>
              <con:numberType>false</con:numberType>
              <con:expectedDataType>1</con:expectedDataType>
            </con:elements>
            <con:elements>
              <con:path>$['Year']</con:path>
              <con:element>Year</con:element>
              <con:operatorId>1</con:operatorId>
              <con:enabled>false</con:enabled>
              <con:expectedValue>1984</con:expectedValue>
              <con:caseSensitive>true</con:caseSensitive>
              <con:numberType>false</con:numberType>
              <con:expectedDataType>1</con:expectedDataType>
            </con:elements>
            <con:elements>
              <con:path>$['Rated']</con:path>
              <con:element>Rated</con:element>
              <con:operatorId>1</con:operatorId>
              <con:enabled>false</con:enabled>
              <con:expectedValue>PG</con:expectedValue>
              <con:caseSensitive>true</con:caseSensitive>
              <con:numberType>false</con:numberType>
              <con:expectedDataType>1</con:expectedDataType>
            </con:elements>
            <con:elements>
              <con:path>$['Released']</con:path>
              <con:element>Released</con:element>
              <con:operatorId>1</con:operatorId>
              <con:enabled>false</con:enabled>
              <con:expectedValue>09 Mar 1984</con:expectedValue>
              <con:caseSensitive>true</con:caseSensitive>
              <con:numberType>false</con:numberType>
              <con:expectedDataType>1</con:expectedDataType>
            </con:elements>
            <con:elements>
              <con:path>$['Runtime']</con:path>
              <con:element>Runtime</con:element>
              <con:operatorId>1</con:operatorId>
              <con:enabled>false</con:enabled>
              <con:expectedValue>111 min</con:expectedValue>
              <con:caseSensitive>true</con:caseSensitive>
              <con:numberType>false</con:numberType>
              <con:expectedDataType>1</con:expectedDataType>
            </con:elements>
            <con:elements>
              <con:path>$['Genre']</con:path>
              <con:element>Genre</con:element>
              <con:operatorId>14</con:operatorId>
              <con:enabled>true</con:enabled>
              <con:expectedValue>Action</con:expectedValue>
              <con:caseSensitive>true</con:caseSensitive>
              <con:numberType>false</con:numberType>
              <con:expectedDataType>1</con:expectedDataType>
            </con:elements>
            <con:elements>
              <con:path>$['Director']</con:path>
              <con:element>Director</con:element>
              <con:operatorId>1</con:operatorId>
              <con:enabled>false</con:enabled>
              <con:expectedValue>Ron Howard</con:expectedValue>
              <con:caseSensitive>true</con:caseSensitive>
              <con:numberType>false</con:numberType>
              <con:expectedDataType>1</con:expectedDataType>
            </con:elements>
            <con:elements>
              <con:path>$['Writer']</con:path>
              <con:element>Writer</con:element>
              <con:operatorId>1</con:operatorId>
              <con:enabled>false</con:enabled>
              <con:expectedValue>Brian Grazer, Bruce Jay Friedman, Lowell Ganz</con:expectedValue>
              <con:caseSensitive>true</con:caseSensitive>
              <con:numberType>false</con:numberType>
              <con:expectedDataType>1</con:expectedDataType>
            </con:elements>
            <con:elements>
              <con:path>$['Actors']</con:path>
              <con:element>Actors</con:element>
              <con:operatorId>13</con:operatorId>
              <con:enabled>true</con:enabled>
              <con:expectedValue>Tom Hanks</con:expectedValue>
              <con:caseSensitive>true</con:caseSensitive>
              <con:numberType>false</con:numberType>
              <con:expectedDataType>1</con:expectedDataType>
            </con:elements>
            <con:elements>
              <con:path>$['Plot']</con:path>
              <con:element>Plot</con:element>
              <con:operatorId>1</con:operatorId>
              <con:enabled>false</con:enabled>
              <con:expectedValue>A young man is reunited with a mermaid who saved him from drowning as a boy. He falls in love with her, not knowing who or what she is.</con:expectedValue>
              <con:caseSensitive>true</con:caseSensitive>
              <con:numberType>false</con:numberType>
              <con:expectedDataType>1</con:expectedDataType>
            </con:elements>
            <con:elements>
              <con:path>$['Language']</con:path>
              <con:element>Language</con:element>
              <con:operatorId>1</con:operatorId>
              <con:enabled>false</con:enabled>
              <con:expectedValue>English, Swedish</con:expectedValue>
              <con:caseSensitive>true</con:caseSensitive>
              <con:numberType>false</con:numberType>
              <con:expectedDataType>1</con:expectedDataType>
            </con:elements>
            <con:elements>
              <con:path>$['Country']</con:path>
              <con:element>Country</con:element>
              <con:operatorId>1</con:operatorId>
              <con:enabled>false</con:enabled>
              <con:expectedValue>United States</con:expectedValue>
              <con:caseSensitive>true</con:caseSensitive>
              <con:numberType>false</con:numberType>
              <con:expectedDataType>1</con:expectedDataType>
            </con:elements>
            <con:elements>
              <con:path>$['Awards']</con:path>
              <con:element>Awards</con:element>
              <con:operatorId>1</con:operatorId>
              <con:enabled>false</con:enabled>
              <con:expectedValue>Nominated for 1 Oscar. 2 wins &amp; 9 nominations total</con:expectedValue>
              <con:caseSensitive>true</con:caseSensitive>
              <con:numberType>false</con:numberType>
              <con:expectedDataType>1</con:expectedDataType>
            </con:elements>
            <con:elements>
              <con:path>$['Poster']</con:path>
              <con:element>Poster</con:element>
              <con:operatorId>1</con:operatorId>
              <con:enabled>false</con:enabled>
              <con:expectedValue>https://m.media-amazon.com/images/M/MV5BZDRmZTQ0MDQtNWRmYS00NDhhLTgzNzUtZGIyYzkwZDMyNTc0L2ltYWdlXkEyXkFqcGdeQXVyMTQxNzMzNDI@._V1_SX300.jpg</con:expectedValue>
              <con:caseSensitive>true</con:caseSensitive>
              <con:numberType>false</con:numberType>
              <con:expectedDataType>1</con:expectedDataType>
            </con:elements>
            <con:elements>
              <con:path>$['Ratings'][0]['Source']</con:path>
              <con:element>Source</con:element>
              <con:operatorId>1</con:operatorId>
              <con:enabled>false</con:enabled>
              <con:expectedValue>Internet Movie Database</con:expectedValue>
              <con:caseSensitive>true</con:caseSensitive>
              <con:numberType>false</con:numberType>
              <con:expectedDataType>1</con:expectedDataType>
            </con:elements>
            <con:elements>
              <con:path>$['Ratings'][0]['Value']</con:path>
              <con:element>Value</con:element>
              <con:operatorId>1</con:operatorId>
              <con:enabled>false</con:enabled>
              <con:expectedValue>6.3/10</con:expectedValue>
              <con:caseSensitive>true</con:caseSensitive>
              <con:numberType>false</con:numberType>
              <con:expectedDataType>1</con:expectedDataType>
            </con:elements>
            <con:elements>
              <con:path>$['Ratings'][1]['Source']</con:path>
              <con:element>Source</con:element>
              <con:operatorId>1</con:operatorId>
              <con:enabled>false</con:enabled>
              <con:expectedValue>Metacritic</con:expectedValue>
              <con:caseSensitive>true</con:caseSensitive>
              <con:numberType>false</con:numberType>
              <con:expectedDataType>1</con:expectedDataType>
            </con:elements>
            <con:elements>
              <con:path>$['Ratings'][1]['Value']</con:path>
              <con:element>Value</con:element>
              <con:operatorId>1</con:operatorId>
              <con:enabled>false</con:enabled>
              <con:expectedValue>71/100</con:expectedValue>
              <con:caseSensitive>true</con:caseSensitive>
              <con:numberType>false</con:numberType>
              <con:expectedDataType>1</con:expectedDataType>
            </con:elements>
            <con:elements>
              <con:path>$['Metascore']</con:path>
              <con:element>Metascore</con:element>
              <con:operatorId>1</con:operatorId>
              <con:enabled>false</con:enabled>
              <con:expectedValue>71</con:expectedValue>
              <con:caseSensitive>true</con:caseSensitive>
              <con:numberType>false</con:numberType>
              <con:expectedDataType>1</con:expectedDataType>
            </con:elements>
            <con:elements>
              <con:path>$['imdbRating']</con:path>
              <con:element>imdbRating</con:element>
              <con:operatorId>1</con:operatorId>
              <con:enabled>false</con:enabled>
              <con:expectedValue>6.3</con:expectedValue>
              <con:caseSensitive>true</con:caseSensitive>
              <con:numberType>false</con:numberType>
              <con:expectedDataType>1</con:expectedDataType>
            </con:elements>
            <con:elements>
              <con:path>$['imdbVotes']</con:path>
              <con:element>imdbVotes</con:element>
              <con:operatorId>1</con:operatorId>
              <con:enabled>false</con:enabled>
              <con:expectedValue>79,367</con:expectedValue>
              <con:caseSensitive>true</con:caseSensitive>
              <con:numberType>false</con:numberType>
              <con:expectedDataType>1</con:expectedDataType>
            </con:elements>
            <con:elements>
              <con:path>$['imdbID']</con:path>
              <con:element>imdbID</con:element>
              <con:operatorId>1</con:operatorId>
              <con:enabled>false</con:enabled>
              <con:expectedValue>tt0088161</con:expectedValue>
              <con:caseSensitive>true</con:caseSensitive>
              <con:numberType>false</con:numberType>
              <con:expectedDataType>1</con:expectedDataType>
            </con:elements>
            <con:elements>
              <con:path>$['Type']</con:path>
              <con:element>Type</con:element>
              <con:operatorId>1</con:operatorId>
              <con:enabled>false</con:enabled>
              <con:expectedValue>movie</con:expectedValue>
              <con:caseSensitive>true</con:caseSensitive>
              <con:numberType>false</con:numberType>
              <con:expectedDataType>1</con:expectedDataType>
            </con:elements>
            <con:elements>
              <con:path>$['DVD']</con:path>
              <con:element>DVD</con:element>
              <con:operatorId>1</con:operatorId>
              <con:enabled>false</con:enabled>
              <con:expectedValue>N/A</con:expectedValue>
              <con:caseSensitive>true</con:caseSensitive>
              <con:numberType>false</con:numberType>
              <con:expectedDataType>1</con:expectedDataType>
            </con:elements>
            <con:elements>
              <con:path>$['BoxOffice']</con:path>
              <con:element>BoxOffice</con:element>
              <con:operatorId>1</con:operatorId>
              <con:enabled>false</con:enabled>
              <con:expectedValue>$69,821,334</con:expectedValue>
              <con:caseSensitive>true</con:caseSensitive>
              <con:numberType>false</con:numberType>
              <con:expectedDataType>1</con:expectedDataType>
            </con:elements>
            <con:elements>
              <con:path>$['Production']</con:path>
              <con:element>Production</con:element>
              <con:operatorId>1</con:operatorId>
              <con:enabled>false</con:enabled>
              <con:expectedValue>N/A</con:expectedValue>
              <con:caseSensitive>true</con:caseSensitive>
              <con:numberType>false</con:numberType>
              <con:expectedDataType>1</con:expectedDataType>
            </con:elements>
            <con:elements>
              <con:path>$['Website']</con:path>
              <con:element>Website</con:element>
              <con:operatorId>1</con:operatorId>
              <con:enabled>false</con:enabled>
              <con:expectedValue>N/A</con:expectedValue>
              <con:caseSensitive>true</con:caseSensitive>
              <con:numberType>false</con:numberType>
              <con:expectedDataType>1</con:expectedDataType>
            </con:elements>
            <con:elements>
              <con:path>$['Response']</con:path>
              <con:element>Response</con:element>
              <con:operatorId>1</con:operatorId>
              <con:enabled>false</con:enabled>
              <con:expectedValue>True</con:expectedValue>
              <con:caseSensitive>true</con:caseSensitive>
              <con:numberType>false</con:numberType>
              <con:expectedDataType>1</con:expectedDataType>
            </con:elements>
            <con:originalMessage>{"Title":"Splash","Year":"1984","Rated":"PG","Released":"09 Mar 1984","Runtime":"111 min","Genre":"Comedy, Fantasy, Romance","Director":"Ron Howard","Writer":"Brian Grazer, Bruce Jay Friedman, Lowell Ganz","Actors":"Tom Hanks, Daryl Hannah, Eugene Levy","Plot":"A young man is reunited with a mermaid who saved him from drowning as a boy. He falls in love with her, not knowing who or what she is.","Language":"English, Swedish","Country":"United States","Awards":"Nominated for 1 Oscar. 2 wins &amp; 9 nominations total","Poster":"https://m.media-amazon.com/images/M/MV5BZDRmZTQ0MDQtNWRmYS00NDhhLTgzNzUtZGIyYzkwZDMyNTc0L2ltYWdlXkEyXkFqcGdeQXVyMTQxNzMzNDI@._V1_SX300.jpg","Ratings":[{"Source":"Internet Movie Database","Value":"6.3/10"},{"Source":"Metacritic","Value":"71/100"}],"Metascore":"71","imdbRating":"6.3","imdbVotes":"79,367","imdbID":"tt0088161","Type":"movie","DVD":"N/A","BoxOffice":"$69,821,334","Production":"N/A","Website":"N/A","Response":"True"}</con:originalMessage>
          </con:configuration>
        </con:assertion>
        <con:credentials>
          <con:selectedAuthProfile>No Authorization</con:selectedAuthProfile>
          <con:authType>No Authorization</con:authType>
        </con:credentials>
        <con:jmsConfig JMSDeliveryMode="PERSISTENT"/>
        <con:parameters>
          <con:entry key="apikey" value="fbfa51c9"/>
          <con:entry key="t" value="${Data Source#Tom Hanks Movies}"/>
        </con:parameters>
        <con:environmentSpec>
          <con:entry environmentId="d7b5f83c-9bb2-4dbe-b0f3-66f69604eefd">
            <con:authProfile>Inherit From Parent</con:authProfile>
          </con:entry>
        </con:environmentSpec>
      </con:restRequest>
    </con:config>
  </con:testStep>
  <con:testStep type="datasourceloop" name="Data Source Loop" id="08d766ca-1778-444e-a244-6824d2f75d84">
    <con:settings/>
    <con:config>
      <dataSourceStep>Data Source</dataSourceStep>
      <targetStep>REST Request</targetStep>
      <discardResults>true</discardResults>
    </con:config>
  </con:testStep>
  <con:properties/>
  <con:reportParameters/>
  <con:environmentSpec>
    <con:entry environmentId="d7b5f83c-9bb2-4dbe-b0f3-66f69604eefd">
      <con:authProfile>Inherit From Parent</con:authProfile>
    </con:entry>
  </con:environmentSpec>
</con:testCase>
